

times in msec
 clock   self+sourced   self:  sourced script
 clock   elapsed:              other lines

000.021  000.021: --- NVIM STARTING ---
000.236  000.215: event init
000.398  000.162: early init
000.499  000.101: locale set
000.563  000.064: init first window
001.072  000.509: inits 1
001.093  000.021: window checked
001.100  000.006: parsing arguments
002.373  000.249  000.249: require('vim.shared')
002.712  000.131  000.131: require('vim._meta')
002.719  000.332  000.202: require('vim._editor')
002.723  000.770  000.189: require('vim._init_packages')
002.728  000.859: init lua interpreter
002.873  000.145: expanding arguments
003.009  000.136: inits 2
003.713  000.704: init highlight
003.720  000.007: waiting for UI
005.476  001.756: done waiting for UI
005.510  000.034: init screen for UI
005.748  000.238: init default mappings
005.771  000.023: init default autocommands
008.218  000.103  000.103: sourcing /usr/share/nvim/runtime/ftplugin.vim
008.569  000.059  000.059: sourcing /usr/share/nvim/runtime/indent.vim
009.021  000.046  000.046: require('setup.remap')
009.273  000.011  000.011: require('vim.keymap')
009.345  000.319  000.307: require('setup.set')
009.348  000.463  000.098: require('setup')
010.439  000.304  000.304: require('nvim-treesitter.utils')
012.545  000.131  000.131: require('vim.treesitter.language')
012.559  000.631  000.500: require('vim.treesitter.query')
012.849  000.289  000.289: require('vim.treesitter.languagetree')
012.867  001.337  000.418: require('vim.treesitter')
013.070  002.626  001.289: require('nvim-treesitter.parsers')
014.472  000.328  000.328: require('nvim-treesitter.ts_utils')
014.482  000.504  000.176: require('nvim-treesitter.tsrange')
014.589  000.105  000.105: require('nvim-treesitter.caching')
014.601  000.931  000.321: require('nvim-treesitter.query')
014.620  001.373  000.442: require('nvim-treesitter.configs')
014.624  001.550  000.177: require('nvim-treesitter.info')
014.980  000.354  000.354: require('nvim-treesitter.shell_command_selectors')
015.051  005.702  000.867: require('nvim-treesitter.install')
015.054  006.243  000.079: sourcing /home/nik/.config/nvim/init.lua
015.064  002.888: sourcing vimrc file(s)
015.898  000.038  000.038: sourcing /home/nik/.local/share/nvim/site/pack/packer/start/vim-fugitive/ftdetect/fugitive.vim
016.242  000.996  000.957: sourcing /usr/share/nvim/runtime/filetype.lua
016.278  000.015  000.015: sourcing /usr/share/nvim/runtime/filetype.vim
016.523  000.068  000.068: sourcing /usr/share/nvim/runtime/syntax/synload.vim
016.649  000.303  000.234: sourcing /usr/share/nvim/runtime/syntax/syntax.vim
017.902  000.149  000.149: sourcing /usr/share/nvim/runtime/plugin/gzip.vim
017.930  000.010  000.010: sourcing /usr/share/nvim/runtime/plugin/health.vim
018.664  000.135  000.135: sourcing /usr/share/nvim/runtime/pack/dist/opt/matchit/plugin/matchit.vim
018.761  000.778  000.643: sourcing /usr/share/nvim/runtime/plugin/matchit.vim
018.878  000.102  000.102: sourcing /usr/share/nvim/runtime/plugin/matchparen.vim
019.146  000.251  000.251: sourcing /usr/share/nvim/runtime/plugin/netrwPlugin.vim
019.291  000.008  000.008: sourcing /home/nik/.local/share/nvim/rplugin.vim
019.298  000.127  000.119: sourcing /usr/share/nvim/runtime/plugin/rplugin.vim
019.410  000.096  000.096: sourcing /usr/share/nvim/runtime/plugin/shada.vim
019.475  000.035  000.035: sourcing /usr/share/nvim/runtime/plugin/spellfile.vim
019.569  000.076  000.076: sourcing /usr/share/nvim/runtime/plugin/tarPlugin.vim
019.649  000.054  000.054: sourcing /usr/share/nvim/runtime/plugin/tohtml.vim
019.680  000.012  000.012: sourcing /usr/share/nvim/runtime/plugin/tutor.vim
019.803  000.103  000.103: sourcing /usr/share/nvim/runtime/plugin/zipPlugin.vim
020.296  000.405  000.405: sourcing /home/nik/.config/nvim/plugin/packer_compiled.lua
020.546  000.055  000.055: sourcing /usr/share/nvim/runtime/plugin/man.lua
020.560  001.929: loading rtp plugins
020.876  000.021  000.021: sourcing /home/nik/.local/share/nvim/site/pack/packer/start/LuaSnip/plugin/luasnip.vim
022.066  001.054  001.054: require('vim.filetype')
024.275  000.050  000.050: require('luasnip.util.types')
024.377  000.098  000.098: require('luasnip.util.ext_opts')
025.023  000.046  000.046: require('luasnip.session')
025.040  000.571  000.525: require('luasnip.util.util')
025.045  000.665  000.094: require('luasnip.extras.filetype_functions')
025.301  002.909  002.095: require('luasnip.config')
025.964  000.177  000.177: require('luasnip.session.snippet_collection')
026.554  000.470  000.470: require('luasnip.util._builtin_vars')
026.674  000.112  000.112: require('vim.inspect')
026.728  000.761  000.179: require('luasnip.util.environ')
026.821  000.091  000.091: require('luasnip.util.extend_decorator')
027.060  000.051  000.051: require('luasnip.loaders._caches')
027.240  000.177  000.177: require('luasnip.util.path')
027.273  000.450  000.221: require('luasnip.loaders')
027.467  000.188  000.188: require('luasnip.util.log')
027.478  002.158  000.491: require('luasnip')
027.507  006.565  000.444: sourcing /home/nik/.local/share/nvim/site/pack/packer/start/LuaSnip/plugin/luasnip.lua
027.753  000.029  000.029: sourcing /home/nik/.local/share/nvim/site/pack/packer/start/lsp-zero.nvim/plugin/lsp-zero.vim
028.191  000.130  000.130: require('cmp.utils.api')
028.330  000.074  000.074: require('cmp.types.cmp')
028.615  000.149  000.149: require('cmp.utils.misc')
028.627  000.296  000.147: require('cmp.types.lsp')
028.688  000.059  000.059: require('cmp.types.vim')
028.690  000.497  000.068: require('cmp.types')
028.766  000.075  000.075: require('cmp.utils.highlight')
028.924  000.070  000.070: require('cmp.utils.debug')
028.937  000.170  000.100: require('cmp.utils.autocmd')
029.117  001.139  000.267: sourcing /home/nik/.local/share/nvim/site/pack/packer/start/nvim-cmp/plugin/cmp.lua
031.731  000.287  000.287: require('vim.lsp.log')
032.406  000.006  000.006: require('vim.F')
032.410  000.671  000.665: require('vim.lsp.protocol')
033.727  000.328  000.328: require('vim.lsp._snippet')
033.899  000.169  000.169: require('vim.highlight')
033.917  001.505  001.008: require('vim.lsp.util')
033.936  003.046  000.583: require('vim.lsp.handlers')
034.360  000.423  000.423: require('vim.lsp.rpc')
034.599  000.236  000.236: require('vim.lsp.sync')
035.190  000.588  000.588: require('vim.lsp.buf')
035.568  000.375  000.375: require('vim.lsp.diagnostic')
035.833  000.262  000.262: require('vim.lsp.codelens')
035.909  006.529  001.600: require('vim.lsp')
035.968  006.732  000.203: sourcing /home/nik/.local/share/nvim/site/pack/packer/start/nvim-lspconfig/plugin/lspconfig.lua
036.390  000.151  000.151: require('nvim-treesitter.statusline')
036.574  000.181  000.181: require('nvim-treesitter.query_predicates')
036.579  000.434  000.102: require('nvim-treesitter')
037.230  001.123  000.689: sourcing /home/nik/.local/share/nvim/site/pack/packer/start/nvim-treesitter/plugin/nvim-treesitter.lua
037.383  000.048  000.048: sourcing /home/nik/.local/share/nvim/site/pack/packer/start/nvim-web-devicons/plugin/nvim-web-devicons.vim
037.726  000.130  000.130: require('nvim-treesitter-playground')
037.841  000.284  000.153: sourcing /home/nik/.local/share/nvim/site/pack/packer/start/playground/plugin/nvim-treesitter-playground.lua
037.980  000.032  000.032: sourcing /home/nik/.local/share/nvim/site/pack/packer/start/plenary.nvim/plugin/plenary.vim
038.427  000.306  000.306: sourcing /home/nik/.local/share/nvim/site/pack/packer/start/telescope.nvim/plugin/telescope.lua
038.607  000.103  000.103: sourcing /home/nik/.local/share/nvim/site/pack/packer/start/undotree/plugin/undotree.vim
039.001  000.063  000.063: sourcing /home/nik/.local/share/nvim/site/pack/packer/start/vim-airline/autoload/airline/init.vim
039.684  000.406  000.406: sourcing /home/nik/.local/share/nvim/site/pack/packer/start/vim-airline/autoload/airline/parts.vim
039.903  000.016  000.016: sourcing /home/nik/.local/share/nvim/site/pack/packer/start/vim-airline/autoload/airline/formatter/short_path.vim
040.769  000.108  000.108: sourcing /home/nik/.local/share/nvim/site/pack/packer/start/vim-airline/autoload/airline/util.vim
040.933  002.226  001.633: sourcing /home/nik/.local/share/nvim/site/pack/packer/start/vim-airline/plugin/airline.vim
041.122  000.043  000.043: sourcing /home/nik/.local/share/nvim/site/pack/packer/start/vim-airline-themes/plugin/airline-themes.vim
042.081  000.856  000.856: sourcing /home/nik/.local/share/nvim/site/pack/packer/start/vim-fugitive/plugin/fugitive.vim
042.323  002.258: loading packages
042.707  000.046  000.046: sourcing /home/nik/.config/nvim/after/plugin/airline.vim
044.519  000.310  000.310: require('cmp.utils.char')
044.539  000.546  000.236: require('cmp.utils.str')
044.679  000.139  000.139: require('cmp.utils.pattern')
045.324  000.091  000.091: require('cmp.utils.buffer')
045.338  000.446  000.355: require('cmp.utils.keymap')
045.346  000.662  000.216: require('cmp.utils.feedkeys')
045.565  000.218  000.218: require('cmp.utils.async')
045.815  000.104  000.104: require('cmp.utils.cache')
045.820  000.252  000.148: require('cmp.context')
046.698  000.287  000.287: require('cmp.config.mapping')
047.075  000.215  000.215: require('cmp.config.compare')
047.077  000.364  000.149: require('cmp.config.default')
047.124  000.935  000.284: require('cmp.config')
047.882  000.198  000.198: require('cmp.matcher')
047.889  000.762  000.564: require('cmp.entry')
047.894  002.073  000.376: require('cmp.source')
048.178  000.085  000.085: require('cmp.utils.event')
048.661  000.075  000.075: require('cmp.utils.options')
048.666  000.329  000.253: require('cmp.utils.window')
048.668  000.488  000.159: require('cmp.view.docs_view')
049.164  000.494  000.494: require('cmp.view.custom_entries_view')
049.720  000.553  000.553: require('cmp.view.wildmenu_entries_view')
050.268  000.545  000.545: require('cmp.view.native_entries_view')
050.735  000.464  000.464: require('cmp.view.ghost_text_view')
050.797  002.901  000.272: require('cmp.view')
051.017  007.866  001.074: require('cmp.core')
051.614  000.148  000.148: require('cmp.config.sources')
051.748  000.131  000.131: require('cmp.config.window')
051.856  009.056  000.911: require('cmp')
052.298  000.045  000.045: require('cmp_buffer.timer')
052.302  000.223  000.177: require('cmp_buffer.buffer')
052.304  000.399  000.176: require('cmp_buffer.source')
052.306  000.448  000.050: require('cmp_buffer')
052.319  009.548  000.045: sourcing /home/nik/.local/share/nvim/site/pack/packer/start/cmp-buffer/after/plugin/cmp_buffer.lua
052.653  000.100  000.100: require('cmp_nvim_lsp.source')
052.658  000.214  000.114: require('cmp_nvim_lsp')
052.692  000.274  000.060: sourcing /home/nik/.local/share/nvim/site/pack/packer/start/cmp-nvim-lsp/after/plugin/cmp_nvim_lsp.lua
052.971  000.104  000.104: require('cmp_nvim_lua')
053.023  000.189  000.086: sourcing /home/nik/.local/share/nvim/site/pack/packer/start/cmp-nvim-lua/after/plugin/cmp_nvim_lua.lua
053.294  000.165  000.165: require('cmp_path')
053.307  000.208  000.043: sourcing /home/nik/.local/share/nvim/site/pack/packer/start/cmp-path/after/plugin/cmp_path.lua
053.531  000.131  000.131: require('cmp_luasnip')
053.561  000.186  000.055: sourcing /home/nik/.local/share/nvim/site/pack/packer/start/cmp_luasnip/after/plugin/cmp_luasnip.lua
053.967  000.185  000.185: require('catppuccin')
054.433  000.105  000.105: require('catppuccin.lib.hashing')
055.960  001.193  001.193: sourcing /home/nik/.local/share/nvim/site/pack/packer/start/nvim/colors/catppuccin.vim
056.674  000.210  000.210: sourcing /home/nik/.local/share/nvim/site/pack/packer/start/vim-airline/autoload/airline/extensions.vim
056.850  000.037  000.037: sourcing /home/nik/.local/share/nvim/site/pack/packer/start/vim-airline/autoload/airline/extensions/quickfix.vim
057.049  000.096  000.096: sourcing /home/nik/.local/share/nvim/site/pack/packer/start/vim-airline/autoload/airline.vim
057.234  000.021  000.021: sourcing /home/nik/.local/share/nvim/site/pack/packer/start/vim-airline/autoload/airline/extensions/netrw.vim
057.656  000.035  000.035: sourcing /home/nik/.local/share/nvim/site/pack/packer/start/vim-airline/autoload/airline/section.vim
057.970  000.149  000.149: sourcing /home/nik/.local/share/nvim/site/pack/packer/start/vim-airline/autoload/airline/highlighter.vim
058.250  000.779  000.595: sourcing /home/nik/.local/share/nvim/site/pack/packer/start/vim-airline/autoload/airline/extensions/term.vim
058.438  000.028  000.028: sourcing /home/nik/.local/share/nvim/site/pack/packer/start/vim-airline/autoload/airline/extensions/undotree.vim
058.869  000.263  000.263: sourcing /home/nik/.local/share/nvim/site/pack/packer/start/vim-airline/autoload/airline/extensions/branch.vim
059.197  000.060  000.060: sourcing /home/nik/.local/share/nvim/site/pack/packer/start/vim-airline/autoload/airline/extensions/fugitiveline.vim
059.604  000.071  000.071: sourcing /home/nik/.local/share/nvim/site/pack/packer/start/vim-airline/autoload/airline/extensions/nvimlsp.vim
059.823  000.070  000.070: sourcing /home/nik/.local/share/nvim/site/pack/packer/start/vim-airline/autoload/airline/extensions/whitespace.vim
060.111  000.097  000.097: sourcing /home/nik/.local/share/nvim/site/pack/packer/start/vim-airline/autoload/airline/extensions/tabline.vim
060.294  000.030  000.030: sourcing /home/nik/.local/share/nvim/site/pack/packer/start/vim-airline/autoload/airline/extensions/tabline/autoshow.vim
060.501  000.051  000.051: sourcing /home/nik/.local/share/nvim/site/pack/packer/start/vim-airline/autoload/airline/extensions/tabline/tabs.vim
060.723  000.092  000.092: sourcing /home/nik/.local/share/nvim/site/pack/packer/start/vim-airline/autoload/airline/extensions/tabline/buffers.vim
061.016  000.028  000.028: sourcing /home/nik/.local/share/nvim/site/pack/packer/start/vim-airline/autoload/airline/extensions/keymap.vim
061.359  000.033  000.033: sourcing /home/nik/.local/share/nvim/site/pack/packer/start/vim-airline/autoload/airline/extensions/searchcount.vim
071.284  000.146  000.146: require('catppuccin.palettes')
071.452  000.162  000.162: require('catppuccin.palettes.frappe')
071.675  000.045  000.045: sourcing /home/nik/.local/share/nvim/site/pack/packer/start/vim-airline/autoload/airline/themes.vim
071.808  000.705  000.353: sourcing /home/nik/.local/share/nvim/site/pack/packer/start/nvim/autoload/airline/themes/catppuccin.vim
087.194  000.129  000.129: sourcing /home/nik/.local/share/nvim/site/pack/packer/start/vim-airline/autoload/airline/builder.vim
087.653  000.054  000.054: sourcing /home/nik/.local/share/nvim/site/pack/packer/start/vim-airline/autoload/airline/extensions/default.vim
093.035  004.153  004.153: sourcing /home/nik/.local/share/nvim/site/pack/packer/start/vim-fugitive/autoload/fugitive.vim
126.383  000.252  000.252: sourcing /home/nik/.local/share/nvim/site/pack/packer/start/nvim/autoload/airline/themes/catppuccin.vim
172.020  118.273  109.530: sourcing /home/nik/.config/nvim/after/plugin/catppuccin.lua
172.788  000.624  000.624: sourcing /home/nik/.local/share/nvim/site/pack/packer/start/nvim/colors/catppuccin.vim
177.854  000.091  000.091: require('catppuccin.palettes.mocha')
178.060  000.327  000.236: sourcing /home/nik/.local/share/nvim/site/pack/packer/start/nvim/autoload/airline/themes/catppuccin.vim
225.336  053.270  052.319: sourcing /home/nik/.config/nvim/after/plugin/colors.lua
226.499  001.074  001.074: require('nvim-web-devicons')
227.825  002.441  001.367: sourcing /home/nik/.config/nvim/after/plugin/devicons.lua
227.911  000.038  000.038: sourcing /home/nik/.config/nvim/after/plugin/fugitive.lua
228.318  000.082  000.082: require('lsp-zero.presets')
228.597  000.054  000.054: require('lsp-zero.settings')
228.602  000.281  000.227: require('lsp-zero.server')
228.608  000.629  000.266: require('lsp-zero')
228.818  000.149  000.149: require('lsp-zero.nvim-cmp-setup')
229.639  000.125  000.125: require('luasnip.loaders.util')
230.667  000.100  000.100: require('luasnip.nodes.util')
230.708  000.038  000.038: require('luasnip.util.events')
230.716  000.341  000.203: require('luasnip.nodes.node')
230.983  000.265  000.265: require('luasnip.nodes.insertNode')
231.162  000.176  000.176: require('luasnip.nodes.textNode')
231.284  000.119  000.119: require('luasnip.util.mark')
231.444  000.134  000.134: require('luasnip.util.pattern_tokenizer')
231.498  000.051  000.051: require('luasnip.util.dict')
231.555  001.753  000.667: require('luasnip.nodes.snippet')
232.022  000.096  000.096: require('luasnip.util.parser.neovim_ast')
232.118  000.093  000.093: require('luasnip.util.str')
232.632  000.080  000.080: require('luasnip.util.directed_graph')
232.637  000.898  000.629: require('luasnip.util.parser.ast_utils')
232.745  000.106  000.106: require('luasnip.nodes.functionNode')
232.966  000.218  000.218: require('luasnip.nodes.choiceNode')
233.148  000.180  000.180: require('luasnip.nodes.dynamicNode')
233.201  000.050  000.050: require('luasnip.util.functions')
233.206  001.648  000.195: require('luasnip.util.parser.ast_parser')
233.497  000.289  000.289: require('luasnip.util.parser.neovim_parser')
233.506  003.797  000.106: require('luasnip.util.parser')
233.512  003.870  000.073: require('luasnip.nodes.snippetProxy')
233.850  000.334  000.334: require('luasnip.util.jsonc')
233.857  004.532  000.203: require('luasnip.loaders.from_vscode')
243.903  014.999  010.466: require('lsp-zero.snippets')
247.474  000.995  000.995: require('vim.diagnostic')
247.630  000.148  000.148: require('lsp-zero.installer')
247.792  000.083  000.083: require('mason-core.path')
248.102  000.139  000.139: require('mason-core.functional')
248.290  000.062  000.062: require('mason-core.functional.data')
248.295  000.181  000.119: require('mason-core.functional.function')
248.378  000.069  000.069: require('mason-core.functional.relation')
248.463  000.080  000.080: require('mason-core.functional.logic')
248.476  000.682  000.212: require('mason-core.platform')
248.572  000.094  000.094: require('mason.settings')
248.574  000.941  000.082: require('mason')
248.879  000.176  000.176: require('mason-core.log')
248.882  000.306  000.130: require('mason-lspconfig')
249.558  000.170  000.170: require('mason-core.functional.list')
249.671  000.109  000.109: require('mason-core.functional.string')
249.704  000.505  000.225: require('mason.api.command')
249.844  000.127  000.127: require('mason-registry.sources')
250.071  000.064  000.064: require('mason-lspconfig.settings')
250.184  000.109  000.109: require('mason-lspconfig.lspconfig_hook')
250.695  000.509  000.509: require('lspconfig.util')
250.957  000.105  000.105: require('mason-core.functional.table')
251.014  000.316  000.210: require('mason-lspconfig.mappings.server')
251.275  000.085  000.085: require('mason-core.EventEmitter')
251.412  000.135  000.135: require('mason-core.optional')
251.790  000.212  000.212: require('mason-core.async')
251.916  000.122  000.122: require('mason-core.async.uv')
251.924  000.509  000.175: require('mason-core.fs')
251.975  000.960  000.230: require('mason-registry')
252.040  000.062  000.062: require('mason-lspconfig.server_config_extensions')
252.306  000.263  000.263: require('lspconfig.configs')
252.418  000.110  000.110: require('lspconfig.server_configurations.omnisharp')
252.699  000.059  000.059: require('mason-core.notify')
252.769  000.067  000.067: require('mason-core.functional.number')
252.793  000.303  000.177: require('mason-lspconfig.api.command')
252.970  000.076  000.076: require('lsp-zero.utils')
252.975  000.180  000.104: require('lsp-zero.state')
253.601  000.109  000.109: require('lspconfig')
253.719  000.115  000.115: require('lspconfig.server_configurations.rust_analyzer')
254.430  000.081  000.081: require('lspconfig.server_configurations.sqlls')
254.995  000.096  000.096: require('lspconfig.server_configurations.yamlls')
255.540  000.128  000.128: require('lspconfig.server_configurations.lua_ls')
256.169  000.266  000.266: require('lspconfig.server_configurations.eslint')
256.762  000.202  000.202: require('lspconfig.server_configurations.jdtls')
257.293  000.114  000.114: require('lspconfig.server_configurations.bashls')
257.854  000.095  000.095: require('mason-lspconfig.ensure_installed')
258.426  000.137  000.137: require('mason-core.result')
258.484  000.391  000.255: require('mason-core.purl')
258.546  000.689  000.297: require('mason-core.package')
258.658  000.094  000.094: require('mason-registry.sources.lua')
259.085  000.424  000.424: require('mason-registry.index')
259.922  000.140  000.140: require('mason-core.receipt')
260.270  000.224  000.224: require('mason-core.process')
260.365  000.440  000.216: require('mason-core.spawn')
260.384  000.832  000.252: require('mason-core.installer.context')
260.489  000.103  000.103: require('mason-core.async.control')
260.628  000.137  000.137: require('mason-core.installer.linker')
260.634  001.342  000.270: require('mason-core.installer')
260.731  000.096  000.096: require('mason-core.providers')
260.746  001.588  000.150: require('mason-core.managers.npm')
260.833  000.066  000.066: require('mason-core.functional.type')
260.924  001.836  000.182: require('mason-registry.index.eslint-lsp')
261.588  000.086  000.086: require('mason-core.managers.powershell')
261.591  000.235  000.149: require('mason-core.fetch')
261.607  000.377  000.142: require('mason-core.managers.github.client')
261.809  000.201  000.201: require('mason-core.managers.std')
261.820  000.766  000.188: require('mason-core.managers.github')
261.847  000.893  000.127: require('mason-registry.index.rust-analyzer')
261.858  033.923  007.106: sourcing /home/nik/.config/nvim/after/plugin/lsp.lua
262.113  000.215  000.215: sourcing /home/nik/.config/nvim/after/plugin/mason.lua
263.573  000.132  000.132: require('plenary.tbl')
263.580  000.338  000.206: require('plenary.vararg.rotate')
263.582  000.427  000.089: require('plenary.vararg')
263.700  000.117  000.117: require('plenary.errors')
263.855  000.152  000.152: require('plenary.functional')
263.860  000.861  000.166: require('plenary.async.async')
264.008  000.147  000.147: require('plenary.async.structs')
264.019  001.217  000.208: require('plenary.async.control')
266.688  000.243  000.243: require('plenary.bit')
266.729  000.027  000.027: require('ffi')
266.748  001.049  000.779: require('plenary.path')
266.754  001.318  000.269: require('plenary.strings')
266.865  000.110  000.110: require('telescope.deprecated')
267.828  000.389  000.389: require('plenary.log')
267.852  000.582  000.193: require('telescope.log')
268.724  000.450  000.450: require('plenary.job')
268.843  000.115  000.115: require('telescope.state')
268.853  000.999  000.434: require('telescope.utils')
268.860  001.993  000.411: require('telescope.sorters')
270.641  005.592  002.171: require('telescope.config')
271.558  000.405  000.405: require('plenary.window.border')
271.664  000.103  000.103: require('plenary.window')
271.769  000.103  000.103: require('plenary.popup.utils')
271.776  001.123  000.513: require('plenary.popup')
271.943  000.164  000.164: require('telescope.pickers.scroller')
272.093  000.148  000.148: require('telescope.actions.state')
272.271  000.176  000.176: require('telescope.actions.utils')
272.910  000.377  000.377: require('telescope.actions.mt')
272.947  000.674  000.297: require('telescope.actions.set')
273.360  000.203  000.203: require('telescope.config.resolve')
273.363  000.414  000.211: require('telescope.pickers.entry_display')
273.476  000.111  000.111: require('telescope.from_entry')
273.782  009.762  001.359: require('telescope.actions')
274.926  000.930  000.930: require('telescope.make_entry')
275.683  000.295  000.295: require('plenary.async.util')
275.687  000.504  000.208: require('plenary.async.tests')
275.688  000.621  000.117: require('plenary.async')
275.698  000.768  000.147: require('telescope.finders.async_static_finder')
276.467  000.145  000.145: require('plenary.class')
276.494  000.577  000.432: require('telescope._')
276.496  000.797  000.220: require('telescope.finders.async_oneshot_finder')
276.692  000.195  000.195: require('telescope.finders.async_job_finder')
276.705  002.920  000.229: require('telescope.finders')
280.064  000.245  000.245: require('telescope._extensions')
280.075  000.594  000.349: require('telescope')
280.467  000.387  000.387: require('telescope.debounce')
281.005  000.535  000.535: require('telescope.mappings')
281.194  000.165  000.165: require('telescope.pickers.highlights')
281.312  000.115  000.115: require('telescope.pickers.window')
281.659  000.170  000.170: require('telescope.algos.linked_list')
281.663  000.349  000.179: require('telescope.entry_manager')
281.782  000.117  000.117: require('telescope.pickers.multi')
281.803  005.097  002.834: require('telescope.pickers')
281.826  019.387  000.392: require('telescope.builtin.__lsp')
281.847  019.674  000.288: require('telescope.builtin')
281.888  019.745  000.071: sourcing /home/nik/.config/nvim/after/plugin/telescope.lua
283.288  000.105  000.105: require('nvim-treesitter.highlight')
283.514  001.584  001.479: sourcing /home/nik/.config/nvim/after/plugin/treesitter.lua
283.581  000.037  000.037: sourcing /home/nik/.config/nvim/after/plugin/undotree.lua
283.585  001.284: loading after plugins
283.595  000.010: inits 3
285.437  001.843: reading ShaDa
285.744  000.198  000.198: require('luasnip.loaders.from_lua')
285.997  000.206  000.206: require('luasnip.loaders.from_snipmate')
290.356  004.515: opening buffers
290.372  000.016: BufEnter autocommands
290.374  000.002: editing files in windows
290.597  000.045  000.045: sourcing /home/nik/.local/share/nvim/site/pack/packer/start/vim-airline/autoload/airline/extensions/tabline/buflist.vim
290.824  000.168  000.168: require('mason-core.terminator')
